<?xml version="1.0" encoding="UTF-8"?>
<!-- Generated by org.testng.reporters.JUnitReportReporter -->
<testsuite hostname="DESKTOP-5OE9726" failures="0" tests="1" name="com.VTiger.Organization.TC003_CreateContactWithOrganizationTest" time="54.371" errors="0" timestamp="2021-12-17T13:16:59 IST" skipped="0">
  <testcase classname="com.VTiger.Organization.TC003_CreateContactWithOrganizationTest" name="CreateContactsmoke" time="54.371"/>
  <system-out/>
</testsuite> <!-- com.VTiger.Organization.TC003_CreateContactWithOrganizationTest -->
