<?xml version="1.0" encoding="UTF-8"?>
<!-- Generated by org.testng.reporters.JUnitReportReporter -->
<testsuite hostname="DESKTOP-5OE9726" failures="0" tests="1" name="com.sdet3_Practice.LoginToMMT" time="75.870" errors="0" timestamp="2021-12-21T16:13:22 IST" skipped="0">
  <testcase classname="com.sdet3_Practice.LoginToMMT" name="logintommt" time="75.870"/>
  <system-out/>
</testsuite> <!-- com.sdet3_Practice.LoginToMMT -->
