<?xml version="1.0" encoding="UTF-8"?>
<!-- Generated by org.testng.reporters.JUnitReportReporter -->
<testsuite hostname="DESKTOP-5OE9726" failures="0" tests="1" name="com.sdet3_Practice.DataproviderFromTo" time="0.000" errors="0" timestamp="2021-12-22T10:40:04 IST" skipped="1">
  <testcase classname="com.sdet3_Practice.DataproviderFromTo" name="dataprovider" time="0.000">
    <skipped/>
  </testcase> <!-- dataprovider -->
  <system-out/>
</testsuite> <!-- com.sdet3_Practice.DataproviderFromTo -->
