<?xml version="1.0" encoding="UTF-8"?>
<!-- Generated by org.testng.reporters.JUnitReportReporter -->
<testsuite hostname="DESKTOP-5OE9726" failures="0" tests="1" name="JDBCpractice.ExecuteUpdateTest" time="0.857" errors="0" timestamp="2021-12-07T17:51:37 IST" skipped="0">
  <testcase classname="JDBCpractice.ExecuteUpdateTest" name="executeUpdateTest" time="0.857"/>
  <system-out/>
</testsuite> <!-- JDBCpractice.ExecuteUpdateTest -->
