<?xml version="1.0" encoding="UTF-8"?>
<!-- Generated by org.testng.reporters.JUnitReportReporter -->
<testsuite hostname="DESKTOP-5OE9726" failures="0" tests="1" name="JDBCpractice.ExecuteQueryTest" time="0.647" errors="0" timestamp="2021-12-07T17:37:04 IST" skipped="0">
  <testcase classname="JDBCpractice.ExecuteQueryTest" name="executequeryTest" time="0.647"/>
  <system-out/>
</testsuite> <!-- JDBCpractice.ExecuteQueryTest -->
